2021-12-29 11:07:15.4159||INFO|Microsoft.Hosting.Lifetime|Now listening on: https://localhost:5001 
2021-12-29 11:07:15.4930||INFO|Microsoft.Hosting.Lifetime|Now listening on: http://localhost:5000 
2021-12-29 11:07:15.5110||INFO|Microsoft.Hosting.Lifetime|Application started. Press Ctrl+C to shut down. 
2021-12-29 11:07:15.5155||INFO|Microsoft.Hosting.Lifetime|Hosting environment: Development 
2021-12-29 11:07:15.5155||INFO|Microsoft.Hosting.Lifetime|Content root path: C:\Users\Adrian\Desktop\dev\c#\RestaurantAPI2\RestaurantAPI2 
2021-12-29 11:32:00.4338||INFO|Microsoft.Hosting.Lifetime|Now listening on: https://localhost:5001 
2021-12-29 11:32:00.4861||INFO|Microsoft.Hosting.Lifetime|Now listening on: http://localhost:5000 
2021-12-29 11:32:00.4861||INFO|Microsoft.Hosting.Lifetime|Application started. Press Ctrl+C to shut down. 
2021-12-29 11:32:00.5029||INFO|Microsoft.Hosting.Lifetime|Hosting environment: Development 
2021-12-29 11:32:00.5029||INFO|Microsoft.Hosting.Lifetime|Content root path: C:\Users\Adrian\Desktop\dev\c#\RestaurantAPI2\RestaurantAPI2 
2021-12-29 11:50:59.0504||INFO|Microsoft.Hosting.Lifetime|Now listening on: https://localhost:5001 
2021-12-29 11:50:59.1010||INFO|Microsoft.Hosting.Lifetime|Now listening on: http://localhost:5000 
2021-12-29 11:50:59.1142||INFO|Microsoft.Hosting.Lifetime|Application started. Press Ctrl+C to shut down. 
2021-12-29 11:50:59.1234||INFO|Microsoft.Hosting.Lifetime|Hosting environment: Development 
2021-12-29 11:50:59.1234||INFO|Microsoft.Hosting.Lifetime|Content root path: C:\Users\Adrian\Desktop\dev\c#\RestaurantAPI2\RestaurantAPI2 
2021-12-29 12:01:13.5101||INFO|Microsoft.Hosting.Lifetime|Now listening on: https://localhost:5001 
2021-12-29 12:01:13.5562||INFO|Microsoft.Hosting.Lifetime|Now listening on: http://localhost:5000 
2021-12-29 12:01:13.5645||INFO|Microsoft.Hosting.Lifetime|Application started. Press Ctrl+C to shut down. 
2021-12-29 12:01:13.5645||INFO|Microsoft.Hosting.Lifetime|Hosting environment: Development 
2021-12-29 12:01:13.5645||INFO|Microsoft.Hosting.Lifetime|Content root path: C:\Users\Adrian\Desktop\dev\c#\RestaurantAPI2\RestaurantAPI2 
2021-12-29 13:27:12.1995||INFO|Microsoft.Hosting.Lifetime|Now listening on: https://localhost:5001 
2021-12-29 13:27:12.3122||INFO|Microsoft.Hosting.Lifetime|Now listening on: http://localhost:5000 
2021-12-29 13:27:12.3122||INFO|Microsoft.Hosting.Lifetime|Application started. Press Ctrl+C to shut down. 
2021-12-29 13:27:12.3298||INFO|Microsoft.Hosting.Lifetime|Hosting environment: Development 
2021-12-29 13:27:12.3464||INFO|Microsoft.Hosting.Lifetime|Content root path: C:\Users\Adrian\Desktop\dev\c#\RestaurantAPI2\RestaurantAPI2 
2021-12-29 16:43:22.2261||INFO|Microsoft.Hosting.Lifetime|Now listening on: https://localhost:5001 
2021-12-29 16:43:22.3573||INFO|Microsoft.Hosting.Lifetime|Now listening on: http://localhost:5000 
2021-12-29 16:43:22.3972||INFO|Microsoft.Hosting.Lifetime|Application started. Press Ctrl+C to shut down. 
2021-12-29 16:43:22.5215||INFO|Microsoft.Hosting.Lifetime|Hosting environment: Development 
2021-12-29 16:43:22.5488||INFO|Microsoft.Hosting.Lifetime|Content root path: C:\Users\Adrian\Desktop\dev\c#\RestaurantAPI2\RestaurantAPI2 
2021-12-29 16:50:17.0917||INFO|Microsoft.Hosting.Lifetime|Now listening on: https://localhost:5001 
2021-12-29 16:50:17.1377||INFO|Microsoft.Hosting.Lifetime|Now listening on: http://localhost:5000 
2021-12-29 16:50:17.1472||INFO|Microsoft.Hosting.Lifetime|Application started. Press Ctrl+C to shut down. 
2021-12-29 16:50:17.1472||INFO|Microsoft.Hosting.Lifetime|Hosting environment: Development 
2021-12-29 16:50:17.1578||INFO|Microsoft.Hosting.Lifetime|Content root path: C:\Users\Adrian\Desktop\dev\c#\RestaurantAPI2\RestaurantAPI2 
