2022-01-02 12:09:37.7732||INFO|Microsoft.Hosting.Lifetime|Now listening on: https://localhost:5001 
2022-01-02 12:09:37.8352||INFO|Microsoft.Hosting.Lifetime|Now listening on: http://localhost:5000 
2022-01-02 12:09:37.8352||INFO|Microsoft.Hosting.Lifetime|Application started. Press Ctrl+C to shut down. 
2022-01-02 12:09:37.8483||INFO|Microsoft.Hosting.Lifetime|Hosting environment: Development 
2022-01-02 12:09:37.8483||INFO|Microsoft.Hosting.Lifetime|Content root path: C:\Users\Adrian\Desktop\dev\c#\RestaurantAPI2\RestaurantAPI2 
2022-01-02 12:19:35.2036||INFO|Microsoft.Hosting.Lifetime|Now listening on: https://localhost:5001 
2022-01-02 12:19:35.2857||INFO|Microsoft.Hosting.Lifetime|Now listening on: http://localhost:5000 
2022-01-02 12:19:35.2857||INFO|Microsoft.Hosting.Lifetime|Application started. Press Ctrl+C to shut down. 
2022-01-02 12:19:35.3058||INFO|Microsoft.Hosting.Lifetime|Hosting environment: Development 
2022-01-02 12:19:35.3058||INFO|Microsoft.Hosting.Lifetime|Content root path: C:\Users\Adrian\Desktop\dev\c#\RestaurantAPI2\RestaurantAPI2 
2022-01-02 12:40:50.2503||ERROR|RestaurantAPI2.Middleware.ErrorHandlingMiddleware|Nullable object must have a value. System.InvalidOperationException: Nullable object must have a value.
   at System.Nullable`1.get_Value()
   at RestaurantAPI2.Services.AccountService.GenerateJwt(LoginDto dto) in C:\Users\Adrian\Desktop\dev\c#\RestaurantAPI2\RestaurantAPI2\Services\AccountService.cs:line 71
   at RestaurantAPI2.Controllers.AccountController.Login(LoginDto dto) in C:\Users\Adrian\Desktop\dev\c#\RestaurantAPI2\RestaurantAPI2\Controllers\AccountController.cs:line 32
   at lambda_method105(Closure , Object , Object[] )
   at Microsoft.AspNetCore.Mvc.Infrastructure.ActionMethodExecutor.SyncActionResultExecutor.Execute(IActionResultTypeMapper mapper, ObjectMethodExecutor executor, Object controller, Object[] arguments)
   at Microsoft.AspNetCore.Mvc.Infrastructure.ControllerActionInvoker.InvokeActionMethodAsync()
   at Microsoft.AspNetCore.Mvc.Infrastructure.ControllerActionInvoker.Next(State& next, Scope& scope, Object& state, Boolean& isCompleted)
   at Microsoft.AspNetCore.Mvc.Infrastructure.ControllerActionInvoker.InvokeNextActionFilterAsync()
--- End of stack trace from previous location ---
   at Microsoft.AspNetCore.Mvc.Infrastructure.ControllerActionInvoker.Rethrow(ActionExecutedContextSealed context)
   at Microsoft.AspNetCore.Mvc.Infrastructure.ControllerActionInvoker.Next(State& next, Scope& scope, Object& state, Boolean& isCompleted)
   at Microsoft.AspNetCore.Mvc.Infrastructure.ControllerActionInvoker.InvokeInnerFilterAsync()
--- End of stack trace from previous location ---
   at Microsoft.AspNetCore.Mvc.Infrastructure.ResourceInvoker.<InvokeFilterPipelineAsync>g__Awaited|19_0(ResourceInvoker invoker, Task lastTask, State next, Scope scope, Object state, Boolean isCompleted)
   at Microsoft.AspNetCore.Mvc.Infrastructure.ResourceInvoker.<InvokeAsync>g__Awaited|17_0(ResourceInvoker invoker, Task task, IDisposable scope)
   at Microsoft.AspNetCore.Routing.EndpointMiddleware.<Invoke>g__AwaitRequestTask|6_0(Endpoint endpoint, Task requestTask, ILogger logger)
   at Microsoft.AspNetCore.Authorization.AuthorizationMiddleware.Invoke(HttpContext context)
   at Swashbuckle.AspNetCore.SwaggerUI.SwaggerUIMiddleware.Invoke(HttpContext httpContext)
   at Swashbuckle.AspNetCore.Swagger.SwaggerMiddleware.Invoke(HttpContext httpContext, ISwaggerProvider swaggerProvider)
   at Microsoft.AspNetCore.Authentication.AuthenticationMiddleware.Invoke(HttpContext context)
   at RestaurantAPI2.MIddleware.RequestTimeMiddleware.InvokeAsync(HttpContext context, RequestDelegate next) in C:\Users\Adrian\Desktop\dev\c#\RestaurantAPI2\RestaurantAPI2\MIddleware\RequestTimeMiddleware.cs:line 23
   at Microsoft.AspNetCore.Builder.UseMiddlewareExtensions.<>c__DisplayClass6_1.<<UseMiddlewareInterface>b__1>d.MoveNext()
--- End of stack trace from previous location ---
   at RestaurantAPI2.Middleware.ErrorHandlingMiddleware.InvokeAsync(HttpContext context, RequestDelegate next) in C:\Users\Adrian\Desktop\dev\c#\RestaurantAPI2\RestaurantAPI2\MIddleware\ErrorHandlingMiddleware.cs:line 22
2022-01-02 12:41:01.9820||ERROR|RestaurantAPI2.Middleware.ErrorHandlingMiddleware|Nullable object must have a value. System.InvalidOperationException: Nullable object must have a value.
   at System.Nullable`1.get_Value()
   at RestaurantAPI2.Services.AccountService.GenerateJwt(LoginDto dto) in C:\Users\Adrian\Desktop\dev\c#\RestaurantAPI2\RestaurantAPI2\Services\AccountService.cs:line 71
   at RestaurantAPI2.Controllers.AccountController.Login(LoginDto dto) in C:\Users\Adrian\Desktop\dev\c#\RestaurantAPI2\RestaurantAPI2\Controllers\AccountController.cs:line 32
   at lambda_method105(Closure , Object , Object[] )
   at Microsoft.AspNetCore.Mvc.Infrastructure.ActionMethodExecutor.SyncActionResultExecutor.Execute(IActionResultTypeMapper mapper, ObjectMethodExecutor executor, Object controller, Object[] arguments)
   at Microsoft.AspNetCore.Mvc.Infrastructure.ControllerActionInvoker.InvokeActionMethodAsync()
   at Microsoft.AspNetCore.Mvc.Infrastructure.ControllerActionInvoker.Next(State& next, Scope& scope, Object& state, Boolean& isCompleted)
   at Microsoft.AspNetCore.Mvc.Infrastructure.ControllerActionInvoker.InvokeNextActionFilterAsync()
--- End of stack trace from previous location ---
   at Microsoft.AspNetCore.Mvc.Infrastructure.ControllerActionInvoker.Rethrow(ActionExecutedContextSealed context)
   at Microsoft.AspNetCore.Mvc.Infrastructure.ControllerActionInvoker.Next(State& next, Scope& scope, Object& state, Boolean& isCompleted)
   at Microsoft.AspNetCore.Mvc.Infrastructure.ControllerActionInvoker.InvokeInnerFilterAsync()
--- End of stack trace from previous location ---
   at Microsoft.AspNetCore.Mvc.Infrastructure.ResourceInvoker.<InvokeFilterPipelineAsync>g__Awaited|19_0(ResourceInvoker invoker, Task lastTask, State next, Scope scope, Object state, Boolean isCompleted)
   at Microsoft.AspNetCore.Mvc.Infrastructure.ResourceInvoker.<InvokeAsync>g__Awaited|17_0(ResourceInvoker invoker, Task task, IDisposable scope)
   at Microsoft.AspNetCore.Routing.EndpointMiddleware.<Invoke>g__AwaitRequestTask|6_0(Endpoint endpoint, Task requestTask, ILogger logger)
   at Microsoft.AspNetCore.Authorization.AuthorizationMiddleware.Invoke(HttpContext context)
   at Swashbuckle.AspNetCore.SwaggerUI.SwaggerUIMiddleware.Invoke(HttpContext httpContext)
   at Swashbuckle.AspNetCore.Swagger.SwaggerMiddleware.Invoke(HttpContext httpContext, ISwaggerProvider swaggerProvider)
   at Microsoft.AspNetCore.Authentication.AuthenticationMiddleware.Invoke(HttpContext context)
   at RestaurantAPI2.MIddleware.RequestTimeMiddleware.InvokeAsync(HttpContext context, RequestDelegate next) in C:\Users\Adrian\Desktop\dev\c#\RestaurantAPI2\RestaurantAPI2\MIddleware\RequestTimeMiddleware.cs:line 23
   at Microsoft.AspNetCore.Builder.UseMiddlewareExtensions.<>c__DisplayClass6_1.<<UseMiddlewareInterface>b__1>d.MoveNext()
--- End of stack trace from previous location ---
   at RestaurantAPI2.Middleware.ErrorHandlingMiddleware.InvokeAsync(HttpContext context, RequestDelegate next) in C:\Users\Adrian\Desktop\dev\c#\RestaurantAPI2\RestaurantAPI2\MIddleware\ErrorHandlingMiddleware.cs:line 22
2022-01-02 12:42:23.2643||ERROR|RestaurantAPI2.Middleware.ErrorHandlingMiddleware|Nullable object must have a value. System.InvalidOperationException: Nullable object must have a value.
   at System.Nullable`1.get_Value()
   at RestaurantAPI2.Services.AccountService.GenerateJwt(LoginDto dto) in C:\Users\Adrian\Desktop\dev\c#\RestaurantAPI2\RestaurantAPI2\Services\AccountService.cs:line 71
   at RestaurantAPI2.Controllers.AccountController.Login(LoginDto dto) in C:\Users\Adrian\Desktop\dev\c#\RestaurantAPI2\RestaurantAPI2\Controllers\AccountController.cs:line 32
   at lambda_method105(Closure , Object , Object[] )
   at Microsoft.AspNetCore.Mvc.Infrastructure.ActionMethodExecutor.SyncActionResultExecutor.Execute(IActionResultTypeMapper mapper, ObjectMethodExecutor executor, Object controller, Object[] arguments)
   at Microsoft.AspNetCore.Mvc.Infrastructure.ControllerActionInvoker.InvokeActionMethodAsync()
   at Microsoft.AspNetCore.Mvc.Infrastructure.ControllerActionInvoker.Next(State& next, Scope& scope, Object& state, Boolean& isCompleted)
   at Microsoft.AspNetCore.Mvc.Infrastructure.ControllerActionInvoker.InvokeNextActionFilterAsync()
--- End of stack trace from previous location ---
   at Microsoft.AspNetCore.Mvc.Infrastructure.ControllerActionInvoker.Rethrow(ActionExecutedContextSealed context)
   at Microsoft.AspNetCore.Mvc.Infrastructure.ControllerActionInvoker.Next(State& next, Scope& scope, Object& state, Boolean& isCompleted)
   at Microsoft.AspNetCore.Mvc.Infrastructure.ControllerActionInvoker.InvokeInnerFilterAsync()
--- End of stack trace from previous location ---
   at Microsoft.AspNetCore.Mvc.Infrastructure.ResourceInvoker.<InvokeFilterPipelineAsync>g__Awaited|19_0(ResourceInvoker invoker, Task lastTask, State next, Scope scope, Object state, Boolean isCompleted)
   at Microsoft.AspNetCore.Mvc.Infrastructure.ResourceInvoker.<InvokeAsync>g__Awaited|17_0(ResourceInvoker invoker, Task task, IDisposable scope)
   at Microsoft.AspNetCore.Routing.EndpointMiddleware.<Invoke>g__AwaitRequestTask|6_0(Endpoint endpoint, Task requestTask, ILogger logger)
   at Microsoft.AspNetCore.Authorization.AuthorizationMiddleware.Invoke(HttpContext context)
   at Swashbuckle.AspNetCore.SwaggerUI.SwaggerUIMiddleware.Invoke(HttpContext httpContext)
   at Swashbuckle.AspNetCore.Swagger.SwaggerMiddleware.Invoke(HttpContext httpContext, ISwaggerProvider swaggerProvider)
   at Microsoft.AspNetCore.Authentication.AuthenticationMiddleware.Invoke(HttpContext context)
   at RestaurantAPI2.MIddleware.RequestTimeMiddleware.InvokeAsync(HttpContext context, RequestDelegate next) in C:\Users\Adrian\Desktop\dev\c#\RestaurantAPI2\RestaurantAPI2\MIddleware\RequestTimeMiddleware.cs:line 23
   at Microsoft.AspNetCore.Builder.UseMiddlewareExtensions.<>c__DisplayClass6_1.<<UseMiddlewareInterface>b__1>d.MoveNext()
--- End of stack trace from previous location ---
   at RestaurantAPI2.Middleware.ErrorHandlingMiddleware.InvokeAsync(HttpContext context, RequestDelegate next) in C:\Users\Adrian\Desktop\dev\c#\RestaurantAPI2\RestaurantAPI2\MIddleware\ErrorHandlingMiddleware.cs:line 22
2022-01-02 13:04:20.5843||INFO|Microsoft.Hosting.Lifetime|Now listening on: https://localhost:5001 
2022-01-02 13:04:20.6585||INFO|Microsoft.Hosting.Lifetime|Now listening on: http://localhost:5000 
2022-01-02 13:04:20.6761||INFO|Microsoft.Hosting.Lifetime|Application started. Press Ctrl+C to shut down. 
2022-01-02 13:04:20.6761||INFO|Microsoft.Hosting.Lifetime|Hosting environment: Development 
2022-01-02 13:04:20.6761||INFO|Microsoft.Hosting.Lifetime|Content root path: C:\Users\Adrian\Desktop\dev\c#\RestaurantAPI2\RestaurantAPI2 
2022-01-02 13:32:38.5292||INFO|Microsoft.Hosting.Lifetime|Now listening on: https://localhost:5001 
2022-01-02 13:32:38.6156||INFO|Microsoft.Hosting.Lifetime|Now listening on: http://localhost:5000 
2022-01-02 13:32:38.6278||INFO|Microsoft.Hosting.Lifetime|Application started. Press Ctrl+C to shut down. 
2022-01-02 13:32:38.6278||INFO|Microsoft.Hosting.Lifetime|Hosting environment: Development 
2022-01-02 13:32:38.6278||INFO|Microsoft.Hosting.Lifetime|Content root path: C:\Users\Adrian\Desktop\dev\c#\RestaurantAPI2\RestaurantAPI2 
2022-01-02 13:33:45.0420||INFO|RestaurantAPI2.Authorization.MinimumAgeRequirementHandler|User:   with date of birth: [2010-12-11 00:00:00] 
2022-01-02 13:33:45.0420||INFO|RestaurantAPI2.Authorization.MinimumAgeRequirementHandler|Authorization succedded 
2022-01-02 13:34:45.3903||INFO|RestaurantAPI2.Authorization.MinimumAgeRequirementHandler|User:   with date of birth: [1980-12-11 00:00:00] 
2022-01-02 13:34:45.3974||INFO|RestaurantAPI2.Authorization.MinimumAgeRequirementHandler|Authorization failed 
2022-01-02 13:36:03.0063||INFO|Microsoft.Hosting.Lifetime|Now listening on: https://localhost:5001 
2022-01-02 13:36:03.0894||INFO|Microsoft.Hosting.Lifetime|Now listening on: http://localhost:5000 
2022-01-02 13:36:03.0991||INFO|Microsoft.Hosting.Lifetime|Application started. Press Ctrl+C to shut down. 
2022-01-02 13:36:03.0991||INFO|Microsoft.Hosting.Lifetime|Hosting environment: Development 
2022-01-02 13:36:03.1117||INFO|Microsoft.Hosting.Lifetime|Content root path: C:\Users\Adrian\Desktop\dev\c#\RestaurantAPI2\RestaurantAPI2 
2022-01-02 13:36:30.0733||INFO|RestaurantAPI2.Authorization.MinimumAgeRequirementHandler|User:   with date of birth: [1980-12-11 00:00:00] 
2022-01-02 13:36:30.0733||INFO|RestaurantAPI2.Authorization.MinimumAgeRequirementHandler|Authorization succedded 
2022-01-02 13:37:57.8438||INFO|RestaurantAPI2.Authorization.MinimumAgeRequirementHandler|User:   with date of birth: [2020-12-11 00:00:00] 
2022-01-02 13:37:57.8477||INFO|RestaurantAPI2.Authorization.MinimumAgeRequirementHandler|Authorization failed 
2022-01-02 15:05:11.2910||INFO|Microsoft.Hosting.Lifetime|Now listening on: https://localhost:5001 
2022-01-02 15:05:11.4084||INFO|Microsoft.Hosting.Lifetime|Now listening on: http://localhost:5000 
2022-01-02 15:05:11.4150||INFO|Microsoft.Hosting.Lifetime|Application started. Press Ctrl+C to shut down. 
2022-01-02 15:05:11.4293||INFO|Microsoft.Hosting.Lifetime|Hosting environment: Development 
2022-01-02 15:05:11.4293||INFO|Microsoft.Hosting.Lifetime|Content root path: C:\Users\Adrian\Desktop\dev\c#\RestaurantAPI2\RestaurantAPI2 
2022-01-02 15:05:37.9102||INFO|RestaurantAPI2.Authorization.MinimumAgeRequirementHandler|User:   with date of birth: [2020-12-11 00:00:00] 
2022-01-02 15:05:37.9330||INFO|RestaurantAPI2.Authorization.MinimumAgeRequirementHandler|Authorization failed 
2022-01-02 15:07:27.0096||INFO|RestaurantAPI2.Authorization.MinimumAgeRequirementHandler|User:   with date of birth: [1980-12-11 00:00:00] 
2022-01-02 15:07:27.0313||INFO|RestaurantAPI2.Authorization.MinimumAgeRequirementHandler|Authorization succedded 
2022-01-02 15:07:41.8449||INFO|RestaurantAPI2.MIddleware.RequestTimeMiddleware|Request[GET] at /api/restaurant took 14827 ms 
2022-01-02 15:09:14.4634||INFO|RestaurantAPI2.Authorization.MinimumAgeRequirementHandler|User:   with date of birth: [1980-12-11 00:00:00] 
2022-01-02 15:09:24.9837||INFO|RestaurantAPI2.Authorization.MinimumAgeRequirementHandler|Authorization succedded 
2022-01-02 15:10:22.1615||INFO|RestaurantAPI2.MIddleware.RequestTimeMiddleware|Request[GET] at /api/restaurant took 88052 ms 
2022-01-02 18:40:26.9118||INFO|Microsoft.Hosting.Lifetime|Now listening on: https://localhost:5001 
2022-01-02 18:40:26.9781||INFO|Microsoft.Hosting.Lifetime|Now listening on: http://localhost:5000 
2022-01-02 18:40:26.9916||INFO|Microsoft.Hosting.Lifetime|Application started. Press Ctrl+C to shut down. 
2022-01-02 18:40:26.9916||INFO|Microsoft.Hosting.Lifetime|Hosting environment: Development 
2022-01-02 18:40:26.9916||INFO|Microsoft.Hosting.Lifetime|Content root path: C:\Users\Adrian\Desktop\dev\c#\RestaurantAPI2\RestaurantAPI2 
2022-01-02 18:51:10.5369||ERROR|RestaurantAPI2.Services.RestaurantService|Restaurant with id: 1004 DELETE action invoked 
