2022-01-08 08:06:27.2467||INFO|Microsoft.Hosting.Lifetime|Now listening on: https://localhost:5001 
2022-01-08 08:06:27.3242||INFO|Microsoft.Hosting.Lifetime|Now listening on: http://localhost:5000 
2022-01-08 08:06:27.3368||INFO|Microsoft.Hosting.Lifetime|Application started. Press Ctrl+C to shut down. 
2022-01-08 08:06:27.3415||INFO|Microsoft.Hosting.Lifetime|Hosting environment: Development 
2022-01-08 08:06:27.3415||INFO|Microsoft.Hosting.Lifetime|Content root path: C:\Users\Adrian\Desktop\dev\c#\RestaurantAPI2\RestaurantAPI2 
2022-01-08 08:06:46.0772||ERROR|RestaurantAPI2.Middleware.ErrorHandlingMiddleware|Ambiguous HTTP method for action - RestaurantAPI2.Controllers.FileController.GetFile (RestaurantAPI2). Actions require an explicit HttpMethod binding for Swagger/OpenAPI 3.0 Swashbuckle.AspNetCore.SwaggerGen.SwaggerGeneratorException: Ambiguous HTTP method for action - RestaurantAPI2.Controllers.FileController.GetFile (RestaurantAPI2). Actions require an explicit HttpMethod binding for Swagger/OpenAPI 3.0
   at Swashbuckle.AspNetCore.SwaggerGen.SwaggerGenerator.GenerateOperations(IEnumerable`1 apiDescriptions, SchemaRepository schemaRepository)
   at Swashbuckle.AspNetCore.SwaggerGen.SwaggerGenerator.GeneratePaths(IEnumerable`1 apiDescriptions, SchemaRepository schemaRepository)
   at Swashbuckle.AspNetCore.SwaggerGen.SwaggerGenerator.GetSwagger(String documentName, String host, String basePath)
   at Swashbuckle.AspNetCore.Swagger.SwaggerMiddleware.Invoke(HttpContext httpContext, ISwaggerProvider swaggerProvider)
   at Microsoft.AspNetCore.Authentication.AuthenticationMiddleware.Invoke(HttpContext context)
   at RestaurantAPI2.MIddleware.RequestTimeMiddleware.InvokeAsync(HttpContext context, RequestDelegate next) in C:\Users\Adrian\Desktop\dev\c#\RestaurantAPI2\RestaurantAPI2\MIddleware\RequestTimeMiddleware.cs:line 23
   at Microsoft.AspNetCore.Builder.UseMiddlewareExtensions.<>c__DisplayClass6_1.<<UseMiddlewareInterface>b__1>d.MoveNext()
--- End of stack trace from previous location ---
   at RestaurantAPI2.Middleware.ErrorHandlingMiddleware.InvokeAsync(HttpContext context, RequestDelegate next) in C:\Users\Adrian\Desktop\dev\c#\RestaurantAPI2\RestaurantAPI2\MIddleware\ErrorHandlingMiddleware.cs:line 22
2022-01-08 08:09:09.3876||INFO|Microsoft.Hosting.Lifetime|Now listening on: https://localhost:5001 
2022-01-08 08:09:09.4416||INFO|Microsoft.Hosting.Lifetime|Now listening on: http://localhost:5000 
2022-01-08 08:09:09.4416||INFO|Microsoft.Hosting.Lifetime|Application started. Press Ctrl+C to shut down. 
2022-01-08 08:09:09.4527||INFO|Microsoft.Hosting.Lifetime|Hosting environment: Development 
2022-01-08 08:09:09.4527||INFO|Microsoft.Hosting.Lifetime|Content root path: C:\Users\Adrian\Desktop\dev\c#\RestaurantAPI2\RestaurantAPI2 
