2022-01-03 19:57:17.2843||INFO|Microsoft.Hosting.Lifetime|Now listening on: https://localhost:5001 
2022-01-03 19:57:17.4676||INFO|Microsoft.Hosting.Lifetime|Now listening on: http://localhost:5000 
2022-01-03 19:57:17.4816||INFO|Microsoft.Hosting.Lifetime|Application started. Press Ctrl+C to shut down. 
2022-01-03 19:57:17.5116||INFO|Microsoft.Hosting.Lifetime|Hosting environment: Development 
2022-01-03 19:57:17.5418||INFO|Microsoft.Hosting.Lifetime|Content root path: C:\Users\Adrian\Desktop\dev\c#\RestaurantAPI2\RestaurantAPI2 
2022-01-03 19:57:42.9146||INFO|RestaurantAPI2.Authorization.MinimumAgeRequirementHandler|User:   with date of birth: [1980-12-11 00:00:00] 
2022-01-03 19:57:42.9146||INFO|RestaurantAPI2.Authorization.MinimumAgeRequirementHandler|Authorization succedded 
2022-01-03 19:57:55.1059||INFO|RestaurantAPI2.Authorization.MinimumAgeRequirementHandler|User:   with date of birth: [1980-12-11 00:00:00] 
2022-01-03 19:57:55.1059||INFO|RestaurantAPI2.Authorization.MinimumAgeRequirementHandler|Authorization succedded 
2022-01-03 19:58:59.0034||INFO|Microsoft.Hosting.Lifetime|Now listening on: https://localhost:5001 
2022-01-03 19:58:59.1092||INFO|Microsoft.Hosting.Lifetime|Now listening on: http://localhost:5000 
2022-01-03 19:58:59.1279||INFO|Microsoft.Hosting.Lifetime|Application started. Press Ctrl+C to shut down. 
2022-01-03 19:58:59.1279||INFO|Microsoft.Hosting.Lifetime|Hosting environment: Development 
2022-01-03 19:58:59.1454||INFO|Microsoft.Hosting.Lifetime|Content root path: C:\Users\Adrian\Desktop\dev\c#\RestaurantAPI2\RestaurantAPI2 
2022-01-03 19:59:07.0297||INFO|RestaurantAPI2.Authorization.MinimumAgeRequirementHandler|User:   with date of birth: [1980-12-11 00:00:00] 
2022-01-03 19:59:07.0343||INFO|RestaurantAPI2.Authorization.MinimumAgeRequirementHandler|Authorization succedded 
2022-01-03 19:59:16.6814||ERROR|RestaurantAPI2.Middleware.ErrorHandlingMiddleware|An exception was thrown while attempting to evaluate a LINQ query parameter expression. See the inner exception for more information. To show additional information call 'DbContextOptionsBuilder.EnableSensitiveDataLogging'. System.InvalidOperationException: An exception was thrown while attempting to evaluate a LINQ query parameter expression. See the inner exception for more information. To show additional information call 'DbContextOptionsBuilder.EnableSensitiveDataLogging'.
 ---> System.NullReferenceException: Object reference not set to an instance of an object.
   at lambda_method24(Closure )
   at Microsoft.EntityFrameworkCore.Query.Internal.ParameterExtractingExpressionVisitor.GetValue(Expression expression, String& parameterName)
   --- End of inner exception stack trace ---
   at Microsoft.EntityFrameworkCore.Query.Internal.ParameterExtractingExpressionVisitor.GetValue(Expression expression, String& parameterName)
   at Microsoft.EntityFrameworkCore.Query.Internal.ParameterExtractingExpressionVisitor.Evaluate(Expression expression, Boolean generateParameter)
   at Microsoft.EntityFrameworkCore.Query.Internal.ParameterExtractingExpressionVisitor.Visit(Expression expression)
   at System.Dynamic.Utils.ExpressionVisitorUtils.VisitArguments(ExpressionVisitor visitor, IArgumentProvider nodes)
   at System.Linq.Expressions.ExpressionVisitor.VisitMethodCall(MethodCallExpression node)
   at System.Linq.Expressions.MethodCallExpression.Accept(ExpressionVisitor visitor)
   at Microsoft.EntityFrameworkCore.Query.Internal.ParameterExtractingExpressionVisitor.Visit(Expression expression)
   at Microsoft.EntityFrameworkCore.Query.Internal.ParameterExtractingExpressionVisitor.VisitBinary(BinaryExpression binaryExpression)
   at System.Linq.Expressions.BinaryExpression.Accept(ExpressionVisitor visitor)
   at Microsoft.EntityFrameworkCore.Query.Internal.ParameterExtractingExpressionVisitor.Visit(Expression expression)
   at System.Linq.Expressions.ExpressionVisitor.VisitLambda[T](Expression`1 node)
   at System.Linq.Expressions.Expression`1.Accept(ExpressionVisitor visitor)
   at Microsoft.EntityFrameworkCore.Query.Internal.ParameterExtractingExpressionVisitor.Visit(Expression expression)
   at System.Linq.Expressions.ExpressionVisitor.VisitUnary(UnaryExpression node)
   at System.Linq.Expressions.UnaryExpression.Accept(ExpressionVisitor visitor)
   at Microsoft.EntityFrameworkCore.Query.Internal.ParameterExtractingExpressionVisitor.Visit(Expression expression)
   at System.Dynamic.Utils.ExpressionVisitorUtils.VisitArguments(ExpressionVisitor visitor, IArgumentProvider nodes)
   at System.Linq.Expressions.ExpressionVisitor.VisitMethodCall(MethodCallExpression node)
   at System.Linq.Expressions.MethodCallExpression.Accept(ExpressionVisitor visitor)
   at Microsoft.EntityFrameworkCore.Query.Internal.ParameterExtractingExpressionVisitor.Visit(Expression expression)
   at Microsoft.EntityFrameworkCore.Query.Internal.ParameterExtractingExpressionVisitor.ExtractParameters(Expression expression)
   at Microsoft.EntityFrameworkCore.Query.Internal.QueryCompiler.ExtractParameters(Expression query, IParameterValues parameterValues, IDiagnosticsLogger`1 logger, Boolean parameterize, Boolean generateContextAccessors)
   at Microsoft.EntityFrameworkCore.Query.Internal.QueryCompiler.Execute[TResult](Expression query)
   at Microsoft.EntityFrameworkCore.Query.Internal.EntityQueryProvider.Execute[TResult](Expression expression)
   at Microsoft.EntityFrameworkCore.Query.Internal.EntityQueryable`1.GetEnumerator()
   at System.Collections.Generic.List`1..ctor(IEnumerable`1 collection)
   at System.Linq.Enumerable.ToList[TSource](IEnumerable`1 source)
   at RestaurantAPI2.Services.RestaurantService.GetAll(String searchPhrase) in C:\Users\Adrian\Desktop\dev\c#\RestaurantAPI2\RestaurantAPI2\Services\RestaurantService.cs:line 64
   at RestaurantAPI2.Controllers.RestaurantController.GetAll(String searchPhrase) in C:\Users\Adrian\Desktop\dev\c#\RestaurantAPI2\RestaurantAPI2\Controllers\RestaurantController.cs:line 35
   at lambda_method22(Closure , Object , Object[] )
   at Microsoft.AspNetCore.Mvc.Infrastructure.ActionMethodExecutor.SyncObjectResultExecutor.Execute(IActionResultTypeMapper mapper, ObjectMethodExecutor executor, Object controller, Object[] arguments)
   at Microsoft.AspNetCore.Mvc.Infrastructure.ControllerActionInvoker.InvokeActionMethodAsync()
   at Microsoft.AspNetCore.Mvc.Infrastructure.ControllerActionInvoker.Next(State& next, Scope& scope, Object& state, Boolean& isCompleted)
   at Microsoft.AspNetCore.Mvc.Infrastructure.ControllerActionInvoker.InvokeNextActionFilterAsync()
--- End of stack trace from previous location ---
   at Microsoft.AspNetCore.Mvc.Infrastructure.ControllerActionInvoker.Rethrow(ActionExecutedContextSealed context)
   at Microsoft.AspNetCore.Mvc.Infrastructure.ControllerActionInvoker.Next(State& next, Scope& scope, Object& state, Boolean& isCompleted)
   at Microsoft.AspNetCore.Mvc.Infrastructure.ControllerActionInvoker.InvokeInnerFilterAsync()
--- End of stack trace from previous location ---
   at Microsoft.AspNetCore.Mvc.Infrastructure.ResourceInvoker.<InvokeFilterPipelineAsync>g__Awaited|19_0(ResourceInvoker invoker, Task lastTask, State next, Scope scope, Object state, Boolean isCompleted)
   at Microsoft.AspNetCore.Mvc.Infrastructure.ResourceInvoker.<InvokeAsync>g__Awaited|17_0(ResourceInvoker invoker, Task task, IDisposable scope)
   at Microsoft.AspNetCore.Routing.EndpointMiddleware.<Invoke>g__AwaitRequestTask|6_0(Endpoint endpoint, Task requestTask, ILogger logger)
   at Microsoft.AspNetCore.Authorization.Policy.AuthorizationMiddlewareResultHandler.HandleAsync(RequestDelegate next, HttpContext context, AuthorizationPolicy policy, PolicyAuthorizationResult authorizeResult)
   at Microsoft.AspNetCore.Authorization.AuthorizationMiddleware.Invoke(HttpContext context)
   at Swashbuckle.AspNetCore.SwaggerUI.SwaggerUIMiddleware.Invoke(HttpContext httpContext)
   at Swashbuckle.AspNetCore.Swagger.SwaggerMiddleware.Invoke(HttpContext httpContext, ISwaggerProvider swaggerProvider)
   at Microsoft.AspNetCore.Authentication.AuthenticationMiddleware.Invoke(HttpContext context)
   at RestaurantAPI2.MIddleware.RequestTimeMiddleware.InvokeAsync(HttpContext context, RequestDelegate next) in C:\Users\Adrian\Desktop\dev\c#\RestaurantAPI2\RestaurantAPI2\MIddleware\RequestTimeMiddleware.cs:line 23
   at Microsoft.AspNetCore.Builder.UseMiddlewareExtensions.<>c__DisplayClass6_1.<<UseMiddlewareInterface>b__1>d.MoveNext()
--- End of stack trace from previous location ---
   at RestaurantAPI2.Middleware.ErrorHandlingMiddleware.InvokeAsync(HttpContext context, RequestDelegate next) in C:\Users\Adrian\Desktop\dev\c#\RestaurantAPI2\RestaurantAPI2\MIddleware\ErrorHandlingMiddleware.cs:line 22
2022-01-03 22:34:56.5751||INFO|Microsoft.Hosting.Lifetime|Now listening on: https://localhost:5001 
2022-01-03 22:34:56.6485||INFO|Microsoft.Hosting.Lifetime|Now listening on: http://localhost:5000 
2022-01-03 22:34:56.6485||INFO|Microsoft.Hosting.Lifetime|Application started. Press Ctrl+C to shut down. 
2022-01-03 22:34:56.6595||INFO|Microsoft.Hosting.Lifetime|Hosting environment: Development 
2022-01-03 22:34:56.6595||INFO|Microsoft.Hosting.Lifetime|Content root path: C:\Users\Adrian\Desktop\dev\c#\RestaurantAPI2\RestaurantAPI2 
2022-01-03 22:35:10.6123||INFO|RestaurantAPI2.Authorization.MinimumAgeRequirementHandler|User:   with date of birth: [1980-12-11 00:00:00] 
2022-01-03 22:35:10.6123||INFO|RestaurantAPI2.Authorization.MinimumAgeRequirementHandler|Authorization succedded 
2022-01-03 22:35:21.7890||ERROR|RestaurantAPI2.Middleware.ErrorHandlingMiddleware|The number of rows provided for a FETCH clause must be greater then zero. Microsoft.Data.SqlClient.SqlException (0x80131904): The number of rows provided for a FETCH clause must be greater then zero.
   at Microsoft.Data.SqlClient.SqlConnection.OnError(SqlException exception, Boolean breakConnection, Action`1 wrapCloseInAction)
   at Microsoft.Data.SqlClient.SqlInternalConnection.OnError(SqlException exception, Boolean breakConnection, Action`1 wrapCloseInAction)
   at Microsoft.Data.SqlClient.TdsParser.ThrowExceptionAndWarning(TdsParserStateObject stateObj, Boolean callerHasConnectionLock, Boolean asyncClose)
   at Microsoft.Data.SqlClient.TdsParser.TryRun(RunBehavior runBehavior, SqlCommand cmdHandler, SqlDataReader dataStream, BulkCopySimpleResultSet bulkCopyHandler, TdsParserStateObject stateObj, Boolean& dataReady)
   at Microsoft.Data.SqlClient.SqlDataReader.TryHasMoreRows(Boolean& moreRows)
   at Microsoft.Data.SqlClient.SqlDataReader.TryReadInternal(Boolean setTimeout, Boolean& more)
   at Microsoft.Data.SqlClient.SqlDataReader.Read()
   at Microsoft.EntityFrameworkCore.Storage.RelationalDataReader.Read()
   at Microsoft.EntityFrameworkCore.Query.Internal.SingleQueryingEnumerable`1.Enumerator.MoveNext()
   at System.Collections.Generic.List`1..ctor(IEnumerable`1 collection)
   at System.Linq.Enumerable.ToList[TSource](IEnumerable`1 source)
   at RestaurantAPI2.Services.RestaurantService.GetAll(RestaurantQuery query) in C:\Users\Adrian\Desktop\dev\c#\RestaurantAPI2\RestaurantAPI2\Services\RestaurantService.cs:line 64
   at RestaurantAPI2.Controllers.RestaurantController.GetAll(RestaurantQuery query) in C:\Users\Adrian\Desktop\dev\c#\RestaurantAPI2\RestaurantAPI2\Controllers\RestaurantController.cs:line 36
   at lambda_method22(Closure , Object , Object[] )
   at Microsoft.AspNetCore.Mvc.Infrastructure.ActionMethodExecutor.SyncObjectResultExecutor.Execute(IActionResultTypeMapper mapper, ObjectMethodExecutor executor, Object controller, Object[] arguments)
   at Microsoft.AspNetCore.Mvc.Infrastructure.ControllerActionInvoker.InvokeActionMethodAsync()
   at Microsoft.AspNetCore.Mvc.Infrastructure.ControllerActionInvoker.Next(State& next, Scope& scope, Object& state, Boolean& isCompleted)
   at Microsoft.AspNetCore.Mvc.Infrastructure.ControllerActionInvoker.InvokeNextActionFilterAsync()
--- End of stack trace from previous location ---
   at Microsoft.AspNetCore.Mvc.Infrastructure.ControllerActionInvoker.Rethrow(ActionExecutedContextSealed context)
   at Microsoft.AspNetCore.Mvc.Infrastructure.ControllerActionInvoker.Next(State& next, Scope& scope, Object& state, Boolean& isCompleted)
   at Microsoft.AspNetCore.Mvc.Infrastructure.ControllerActionInvoker.InvokeInnerFilterAsync()
--- End of stack trace from previous location ---
   at Microsoft.AspNetCore.Mvc.Infrastructure.ResourceInvoker.<InvokeFilterPipelineAsync>g__Awaited|19_0(ResourceInvoker invoker, Task lastTask, State next, Scope scope, Object state, Boolean isCompleted)
   at Microsoft.AspNetCore.Mvc.Infrastructure.ResourceInvoker.<InvokeAsync>g__Awaited|17_0(ResourceInvoker invoker, Task task, IDisposable scope)
   at Microsoft.AspNetCore.Routing.EndpointMiddleware.<Invoke>g__AwaitRequestTask|6_0(Endpoint endpoint, Task requestTask, ILogger logger)
   at Microsoft.AspNetCore.Authorization.Policy.AuthorizationMiddlewareResultHandler.HandleAsync(RequestDelegate next, HttpContext context, AuthorizationPolicy policy, PolicyAuthorizationResult authorizeResult)
   at Microsoft.AspNetCore.Authorization.AuthorizationMiddleware.Invoke(HttpContext context)
   at Swashbuckle.AspNetCore.SwaggerUI.SwaggerUIMiddleware.Invoke(HttpContext httpContext)
   at Swashbuckle.AspNetCore.Swagger.SwaggerMiddleware.Invoke(HttpContext httpContext, ISwaggerProvider swaggerProvider)
   at Microsoft.AspNetCore.Authentication.AuthenticationMiddleware.Invoke(HttpContext context)
   at RestaurantAPI2.MIddleware.RequestTimeMiddleware.InvokeAsync(HttpContext context, RequestDelegate next) in C:\Users\Adrian\Desktop\dev\c#\RestaurantAPI2\RestaurantAPI2\MIddleware\RequestTimeMiddleware.cs:line 23
   at Microsoft.AspNetCore.Builder.UseMiddlewareExtensions.<>c__DisplayClass6_1.<<UseMiddlewareInterface>b__1>d.MoveNext()
--- End of stack trace from previous location ---
   at RestaurantAPI2.Middleware.ErrorHandlingMiddleware.InvokeAsync(HttpContext context, RequestDelegate next) in C:\Users\Adrian\Desktop\dev\c#\RestaurantAPI2\RestaurantAPI2\MIddleware\ErrorHandlingMiddleware.cs:line 22
ClientConnectionId:d31ee3a6-7eff-4a19-a936-f483294ddda9
Error Number:10744,State:1,Class:15
2022-01-03 22:36:09.2897||INFO|RestaurantAPI2.Authorization.MinimumAgeRequirementHandler|User:   with date of birth: [1980-12-11 00:00:00] 
2022-01-03 22:36:09.2897||INFO|RestaurantAPI2.Authorization.MinimumAgeRequirementHandler|Authorization succedded 
2022-01-03 22:36:20.6852||INFO|RestaurantAPI2.Authorization.MinimumAgeRequirementHandler|User:   with date of birth: [1980-12-11 00:00:00] 
2022-01-03 22:36:20.7026||INFO|RestaurantAPI2.Authorization.MinimumAgeRequirementHandler|Authorization succedded 
2022-01-03 22:49:13.5181||INFO|Microsoft.Hosting.Lifetime|Now listening on: https://localhost:5001 
2022-01-03 22:49:13.6021||INFO|Microsoft.Hosting.Lifetime|Now listening on: http://localhost:5000 
2022-01-03 22:49:13.6346||INFO|Microsoft.Hosting.Lifetime|Application started. Press Ctrl+C to shut down. 
2022-01-03 22:49:13.6518||INFO|Microsoft.Hosting.Lifetime|Hosting environment: Development 
2022-01-03 22:49:13.6518||INFO|Microsoft.Hosting.Lifetime|Content root path: C:\Users\Adrian\Desktop\dev\c#\RestaurantAPI2\RestaurantAPI2 
2022-01-03 22:49:28.0447||INFO|RestaurantAPI2.Authorization.MinimumAgeRequirementHandler|User:   with date of birth: [1980-12-11 00:00:00] 
2022-01-03 22:49:28.0492||INFO|RestaurantAPI2.Authorization.MinimumAgeRequirementHandler|Authorization succedded 
2022-01-03 22:49:56.5544||INFO|RestaurantAPI2.Authorization.MinimumAgeRequirementHandler|User:   with date of birth: [1980-12-11 00:00:00] 
2022-01-03 22:49:56.5544||INFO|RestaurantAPI2.Authorization.MinimumAgeRequirementHandler|Authorization succedded 
2022-01-03 22:50:12.0140||INFO|RestaurantAPI2.Authorization.MinimumAgeRequirementHandler|User:   with date of birth: [1980-12-11 00:00:00] 
2022-01-03 22:50:12.0199||INFO|RestaurantAPI2.Authorization.MinimumAgeRequirementHandler|Authorization succedded 
2022-01-03 22:50:25.4663||INFO|RestaurantAPI2.Authorization.MinimumAgeRequirementHandler|User:   with date of birth: [1980-12-11 00:00:00] 
2022-01-03 22:50:25.4719||INFO|RestaurantAPI2.Authorization.MinimumAgeRequirementHandler|Authorization succedded 
2022-01-03 22:50:30.8765||INFO|RestaurantAPI2.Authorization.MinimumAgeRequirementHandler|User:   with date of birth: [1980-12-11 00:00:00] 
2022-01-03 22:50:30.8995||INFO|RestaurantAPI2.Authorization.MinimumAgeRequirementHandler|Authorization succedded 
